TN:
SF:app.js
FN:12,(anonymous_0)
FNF:1
FNH:1
FNDA:1,(anonymous_0)
DA:1,3
DA:2,3
DA:3,3
DA:4,3
DA:5,3
DA:7,3
DA:8,3
DA:12,3
DA:13,1
DA:15,1
DA:16,1
DA:19,0
DA:24,3
LF:13
LH:12
BRDA:15,0,0,1
BRDA:15,0,1,0
BRDA:15,1,0,1
BRDA:15,1,1,1
BRDA:15,1,2,1
BRDA:19,2,0,0
BRDA:19,2,1,0
BRDA:20,3,0,0
BRDA:20,3,1,0
BRF:9
BRH:4
end_of_record
TN:
SF:controllers\car.controllers.js
FN:3,getCars
FN:18,getCar
FN:48,createCar
FN:81,updateCar
FN:120,deleteCar
FNF:5
FNH:5
FNDA:9,getCars
FNDA:8,getCar
FNDA:19,createCar
FNDA:8,updateCar
FNDA:7,deleteCar
DA:1,3
DA:4,9
DA:5,9
DA:6,6
DA:11,3
DA:19,8
DA:20,8
DA:21,8
DA:22,2
DA:28,6
DA:29,5
DA:30,3
DA:36,2
DA:41,1
DA:49,19
DA:50,19
DA:53,19
DA:54,10
DA:60,9
DA:61,2
DA:67,7
DA:68,6
DA:74,1
DA:82,8
DA:83,8
DA:84,8
DA:85,1
DA:91,7
DA:92,7
DA:93,1
DA:99,6
DA:100,5
DA:101,2
DA:107,3
DA:113,1
DA:121,7
DA:122,7
DA:123,7
DA:124,1
DA:130,6
DA:131,5
DA:132,2
DA:138,3
DA:143,1
DA:150,3
LF:45
LH:45
BRDA:21,0,0,2
BRDA:21,0,1,6
BRDA:29,1,0,3
BRDA:29,1,1,2
BRDA:53,2,0,10
BRDA:53,2,1,9
BRDA:53,3,0,19
BRDA:53,3,1,16
BRDA:53,3,2,12
BRDA:60,4,0,2
BRDA:60,4,1,7
BRDA:84,5,0,1
BRDA:84,5,1,7
BRDA:92,6,0,1
BRDA:92,6,1,6
BRDA:92,7,0,7
BRDA:92,7,1,2
BRDA:100,8,0,2
BRDA:100,8,1,3
BRDA:123,9,0,1
BRDA:123,9,1,6
BRDA:131,10,0,2
BRDA:131,10,1,3
BRF:23
BRH:23
end_of_record
TN:
SF:routes\car.routes.js
FNF:0
FNH:0
DA:1,4
DA:2,4
DA:3,4
DA:5,4
DA:6,4
DA:7,4
DA:8,4
DA:9,4
DA:11,4
LF:9
LH:9
BRF:0
BRH:0
end_of_record
TN:
SF:routes\index.js
FNF:0
FNH:0
DA:1,3
DA:2,3
DA:3,3
DA:5,3
DA:7,3
LF:5
LH:5
BRF:0
BRH:0
end_of_record
TN:
SF:services\car.service.js
FN:5,getAllCars
FN:13,getCarById
FN:23,addCar
FN:38,updateCar
FN:57,deleteCar
FNF:5
FNH:5
FNDA:6,getAllCars
FNDA:6,getCarById
FNDA:6,addCar
FNDA:7,updateCar
FNDA:6,deleteCar
DA:1,3
DA:3,3
DA:6,6
DA:7,6
DA:9,2
DA:14,6
DA:15,6
DA:19,1
DA:24,6
DA:25,6
DA:26,6
DA:34,1
DA:39,7
DA:40,7
DA:41,7
DA:50,3
DA:51,2
DA:53,1
DA:58,6
DA:59,6
DA:62,3
DA:64,3
DA:65,2
DA:67,1
DA:71,3
LF:25
LH:25
BRDA:44,0,0,7
BRDA:44,0,1,6
BRDA:45,1,0,7
BRDA:45,1,1,2
BRDA:46,2,0,7
BRDA:46,2,1,2
BRDA:50,3,0,2
BRDA:50,3,1,1
BRDA:64,4,0,2
BRDA:64,4,1,1
BRF:10
BRH:10
end_of_record
